============================= test session starts ==============================
platform linux -- Python 3.12.13, pytest-8.4.2, pluggy-1.6.0
rootdir: /home/runner/work/doll/doll
configfile: pyproject.toml
plugins: anyio-4.13.0, cov-6.3.0
collected 29 items

tests/test_ollama_adapter.py .................                           [ 58%]
tests/test_ollama_chat_capture.py ....F....F..                           [100%]

=================================== FAILURES ===================================
______ test_existing_bundle_identity_and_history_rejections_precede_chat _______

    def test_existing_bundle_identity_and_history_rejections_precede_chat() -> None:
        capture, fake = service()
        ready(fake)
        first = capture.capture(request(), context()).bundle_bytes
    
        cases: list[tuple[bytes, dict[str, object], str]] = []
        wrong_environment = decoded_bundle(first)
        wrong_environment["source_environment_id"] = str(uuid4())
        cases.append((encode(wrong_environment), {}, "environment identity"))
    
        wrong_conversation = decoded_bundle(first)
        conversations(wrong_conversation)[0]["conversation_id"] = "other"
        cases.append((encode(wrong_conversation), {}, "exactly one selected"))
    
        duplicate_conversation = decoded_bundle(first)
        cast(list[object], duplicate_conversation["conversations"]).append(
            conversations(duplicate_conversation)[0].copy()
        )
        cases.append((encode(duplicate_conversation), {}, "exactly one selected"))
    
        duplicate_message = decoded_bundle(first)
        messages(conversations(duplicate_message)[0])[1]["message_id"] = "message-1"
        cases.append((encode(duplicate_message), {}, "validation failed"))
    
        non_linear = decoded_bundle(first)
        messages(conversations(non_linear)[0])[1]["parent_message_ids"] = []
        cases.append((encode(non_linear), {}, "linear conversation"))
    
        unsupported_role = decoded_bundle(first)
        messages(conversations(unsupported_role)[0])[0]["role"] = "developer"
        cases.append((encode(unsupported_role), {}, "role is unsupported"))
    
        attachment = decoded_bundle(first)
        messages(conversations(attachment)[0])[0]["attachments"] = [
            {
                "attachment_id": "attachment-1",
                "name": "file",
                "media_type": None,
                "size_bytes": 0,
                "sha256": None,
            }
        ]
        cases.append((encode(attachment), {}, "unsupported for text capture"))
    
        tool = decoded_bundle(first)
        messages(conversations(tool)[0])[1]["tool_calls"] = [
            {"tool_call_id": "tool-1", "name": "x", "arguments": {}}
        ]
        cases.append((encode(tool), {}, "unsupported for text capture"))
    
        runtime_mismatch = decoded_bundle(first)
        runtime_mismatch["runtime_version"] = "older"
        cases.append((encode(runtime_mismatch), {}, "runtime version differs"))
    
        for bundle, changes, expected in cases:
            next_capture, next_fake = service()
            next_fake.responses.extend(
                [
                    OllamaHttpResponse(200, tags(model())),
                    OllamaHttpResponse(200, encode({"version": "0.30.11"})),
                ]
            )
            with pytest.raises(OllamaChatCaptureError, match=expected):
>               next_capture.capture(
                    request(
                        existing_bundle=bundle,
                        user_message_id="message-3",
                        assistant_message_id="message-4",
                        user_created_at=T3,
                        exported_at=T4,
                        **changes,
                    ),
                    context(),
                )

attachment = {'conversations': [{'conversation_id': 'conversation-a', 'created_at': '2026-06-28T17:00:00Z', 'messages': [{'attachme...tic session'}], 'exported_at': '2026-06-28T17:00:03Z', 'format': 'ollama-api-chat-session', 'format_version': '1', ...}
bundle     = b'{"conversations":[{"conversation_id":"conversation-a","created_at":"2026-06-28T17:00:00Z","messages":[{"attachments"...sion","format_version":"1","runtime_version":"0.30.11","source_environment_id":"11111111-1111-4111-8111-111111111111"}'
capture    = <doll.ollama_chat_capture.OllamaChatCaptureService object at 0x7f43557e9cc0>
cases      = [(b'{"conversations":[{"conversation_id":"conversation-a","created_at":"2026-06-28T17:00:00Z","messages":[{"attachment...e_version":"0.30.11","source_environment_id":"11111111-1111-4111-8111-111111111111"}', {}, 'role is unsupported'), ...]
changes    = {}
duplicate_conversation = {'conversations': [{'conversation_id': 'conversation-a', 'created_at': '2026-06-28T17:00:00Z', 'messages': [{'attachme...tic session'}], 'exported_at': '2026-06-28T17:00:03Z', 'format': 'ollama-api-chat-session', 'format_version': '1', ...}
duplicate_message = {'conversations': [{'conversation_id': 'conversation-a', 'created_at': '2026-06-28T17:00:00Z', 'messages': [{'attachme...tic session'}], 'exported_at': '2026-06-28T17:00:03Z', 'format': 'ollama-api-chat-session', 'format_version': '1', ...}
expected   = 'validation failed'
fake       = <tests.test_ollama_chat_capture.FakeTransport object at 0x7f43557513a0>
first      = b'{"conversations":[{"conversation_id":"conversation-a","created_at":"2026-06-28T17:00:00Z","messages":[{"attachments"...sion","format_version":"1","runtime_version":"0.30.11","source_environment_id":"11111111-1111-4111-8111-111111111111"}'
next_capture = <doll.ollama_chat_capture.OllamaChatCaptureService object at 0x7f4355c050c0>
next_fake  = <tests.test_ollama_chat_capture.FakeTransport object at 0x7f4355753290>
non_linear = {'conversations': [{'conversation_id': 'conversation-a', 'created_at': '2026-06-28T17:00:00Z', 'messages': [{'attachme...tic session'}], 'exported_at': '2026-06-28T17:00:03Z', 'format': 'ollama-api-chat-session', 'format_version': '1', ...}
runtime_mismatch = {'conversations': [{'conversation_id': 'conversation-a', 'created_at': '2026-06-28T17:00:00Z', 'messages': [{'attachme...tic session'}], 'exported_at': '2026-06-28T17:00:03Z', 'format': 'ollama-api-chat-session', 'format_version': '1', ...}
tool       = {'conversations': [{'conversation_id': 'conversation-a', 'created_at': '2026-06-28T17:00:00Z', 'messages': [{'attachme...tic session'}], 'exported_at': '2026-06-28T17:00:03Z', 'format': 'ollama-api-chat-session', 'format_version': '1', ...}
unsupported_role = {'conversations': [{'conversation_id': 'conversation-a', 'created_at': '2026-06-28T17:00:00Z', 'messages': [{'attachme...tic session'}], 'exported_at': '2026-06-28T17:00:03Z', 'format': 'ollama-api-chat-session', 'format_version': '1', ...}
wrong_conversation = {'conversations': [{'conversation_id': 'other', 'created_at': '2026-06-28T17:00:00Z', 'messages': [{'attachments': [],...tic session'}], 'exported_at': '2026-06-28T17:00:03Z', 'format': 'ollama-api-chat-session', 'format_version': '1', ...}
wrong_environment = {'conversations': [{'conversation_id': 'conversation-a', 'created_at': '2026-06-28T17:00:00Z', 'messages': [{'attachme...tic session'}], 'exported_at': '2026-06-28T17:00:03Z', 'format': 'ollama-api-chat-session', 'format_version': '1', ...}

tests/test_ollama_chat_capture.py:441: 
_ _ _ _ _ _ _ _ _ _ _ _ _ _ _ _ _ _ _ _ _ _ _ _ _ _ _ _ _ _ _ _ _ _ _ _ _ _ _ _ 
src/doll/ollama_chat_capture.py:221: in capture
    document, conversation, messages = self._prepare_document(request)
                                       ^^^^^^^^^^^^^^^^^^^^^^^^^^^^^^^
        context    = RuntimeAdapterContext(operation_id='capture-1', deadline_monotonic=123.378489642)
        request    = OllamaChatCaptureRequest(model_id='ollama.model.13a5262d01b5c15ec721bbc444300bfb66034f262746d39d38c9f75607047a5e', sou...-06-28T17:00:03Z', exported_at='2026-06-28T17:00:04Z', title=None, conversation_created_at=None, max_output_chars=1024)
        self       = <doll.ollama_chat_capture.OllamaChatCaptureService object at 0x7f4355c050c0>
src/doll/ollama_chat_capture.py:339: in _prepare_document
    _validate_linear_history(messages)
        conversation = {'conversation_id': 'conversation-a', 'created_at': '2026-06-28T17:00:00Z', 'messages': [{'attachments': [], 'content'...assistant reply', 'created_at': '2026-06-28T17:00:02Z', 'message_id': 'message-1', ...}], 'title': 'Synthetic session'}
        document   = {'conversations': [{'conversation_id': 'conversation-a', 'created_at': '2026-06-28T17:00:00Z', 'messages': [{'attachme...tic session'}], 'exported_at': '2026-06-28T17:00:03Z', 'format': 'ollama-api-chat-session', 'format_version': '1', ...}
        matches    = [{'conversation_id': 'conversation-a', 'created_at': '2026-06-28T17:00:00Z', 'messages': [{'attachments': [], 'content...ssistant reply', 'created_at': '2026-06-28T17:00:02Z', 'message_id': 'message-1', ...}], 'title': 'Synthetic session'}]
        messages   = [{'attachments': [], 'content': 'user prompt', 'created_at': '2026-06-28T17:00:01Z', 'message_id': 'message-1', ...}, {'attachments': [], 'content': 'assistant reply', 'created_at': '2026-06-28T17:00:02Z', 'message_id': 'message-1', ...}]
        raw_conversations = [{'conversation_id': 'conversation-a', 'created_at': '2026-06-28T17:00:00Z', 'messages': [{'attachments': [], 'content...ssistant reply', 'created_at': '2026-06-28T17:00:02Z', 'message_id': 'message-1', ...}], 'title': 'Synthetic session'}]
        raw_messages = [{'attachments': [], 'content': 'user prompt', 'created_at': '2026-06-28T17:00:01Z', 'message_id': 'message-1', ...}, {'attachments': [], 'content': 'assistant reply', 'created_at': '2026-06-28T17:00:02Z', 'message_id': 'message-1', ...}]
        request    = OllamaChatCaptureRequest(model_id='ollama.model.13a5262d01b5c15ec721bbc444300bfb66034f262746d39d38c9f75607047a5e', sou...-06-28T17:00:03Z', exported_at='2026-06-28T17:00:04Z', title=None, conversation_created_at=None, max_output_chars=1024)
        self       = <doll.ollama_chat_capture.OllamaChatCaptureService object at 0x7f4355c050c0>
        staged     = OllamaSessionStageResult(source_environment=SourceEnvironmentRecord(environment_id='11111111-1111-4111-8111-1111111111...tion-a:message-1', required_user_action='Review the original source before publication.'),), duplicate_object_count=0))
_ _ _ _ _ _ _ _ _ _ _ _ _ _ _ _ _ _ _ _ _ _ _ _ _ _ _ _ _ _ _ _ _ _ _ _ _ _ _ _ 

messages = [{'attachments': [], 'content': 'user prompt', 'created_at': '2026-06-28T17:00:01Z', 'message_id': 'message-1', ...}, {'attachments': [], 'content': 'assistant reply', 'created_at': '2026-06-28T17:00:02Z', 'message_id': 'message-1', ...}]

    def _validate_linear_history(messages: list[dict[str, object]]) -> None:
        identifiers: set[str] = set()
        previous: str | None = None
        for message in messages:
            message_id = cast(str, message["message_id"])
            if message_id in identifiers:
>               raise OllamaChatCaptureError("existing history contains a duplicate message ID")
E               doll.ollama_chat_capture.OllamaChatCaptureError: existing history contains a duplicate message ID

expected   = []
identifiers = {'message-1'}
message    = {'attachments': [], 'content': 'assistant reply', 'created_at': '2026-06-28T17:00:02Z', 'message_id': 'message-1', ...}
message_id = 'message-1'
messages   = [{'attachments': [], 'content': 'user prompt', 'created_at': '2026-06-28T17:00:01Z', 'message_id': 'message-1', ...}, {'attachments': [], 'content': 'assistant reply', 'created_at': '2026-06-28T17:00:02Z', 'message_id': 'message-1', ...}]
parents    = []
previous   = 'message-1'

src/doll/ollama_chat_capture.py:445: OllamaChatCaptureError

During handling of the above exception, another exception occurred:

    def test_existing_bundle_identity_and_history_rejections_precede_chat() -> None:
        capture, fake = service()
        ready(fake)
        first = capture.capture(request(), context()).bundle_bytes
    
        cases: list[tuple[bytes, dict[str, object], str]] = []
        wrong_environment = decoded_bundle(first)
        wrong_environment["source_environment_id"] = str(uuid4())
        cases.append((encode(wrong_environment), {}, "environment identity"))
    
        wrong_conversation = decoded_bundle(first)
        conversations(wrong_conversation)[0]["conversation_id"] = "other"
        cases.append((encode(wrong_conversation), {}, "exactly one selected"))
    
        duplicate_conversation = decoded_bundle(first)
        cast(list[object], duplicate_conversation["conversations"]).append(
            conversations(duplicate_conversation)[0].copy()
        )
        cases.append((encode(duplicate_conversation), {}, "exactly one selected"))
    
        duplicate_message = decoded_bundle(first)
        messages(conversations(duplicate_message)[0])[1]["message_id"] = "message-1"
        cases.append((encode(duplicate_message), {}, "validation failed"))
    
        non_linear = decoded_bundle(first)
        messages(conversations(non_linear)[0])[1]["parent_message_ids"] = []
        cases.append((encode(non_linear), {}, "linear conversation"))
    
        unsupported_role = decoded_bundle(first)
        messages(conversations(unsupported_role)[0])[0]["role"] = "developer"
        cases.append((encode(unsupported_role), {}, "role is unsupported"))
    
        attachment = decoded_bundle(first)
        messages(conversations(attachment)[0])[0]["attachments"] = [
            {
                "attachment_id": "attachment-1",
                "name": "file",
                "media_type": None,
                "size_bytes": 0,
                "sha256": None,
            }
        ]
        cases.append((encode(attachment), {}, "unsupported for text capture"))
    
        tool = decoded_bundle(first)
        messages(conversations(tool)[0])[1]["tool_calls"] = [
            {"tool_call_id": "tool-1", "name": "x", "arguments": {}}
        ]
        cases.append((encode(tool), {}, "unsupported for text capture"))
    
        runtime_mismatch = decoded_bundle(first)
        runtime_mismatch["runtime_version"] = "older"
        cases.append((encode(runtime_mismatch), {}, "runtime version differs"))
    
        for bundle, changes, expected in cases:
            next_capture, next_fake = service()
            next_fake.responses.extend(
                [
                    OllamaHttpResponse(200, tags(model())),
                    OllamaHttpResponse(200, encode({"version": "0.30.11"})),
                ]
            )
>           with pytest.raises(OllamaChatCaptureError, match=expected):
                 ^^^^^^^^^^^^^^^^^^^^^^^^^^^^^^^^^^^^^^^^^^^^^^^^^^^^^
E           AssertionError: Regex pattern did not match.
E            Regex: 'validation failed'
E            Input: 'existing history contains a duplicate message ID'

attachment = {'conversations': [{'conversation_id': 'conversation-a', 'created_at': '2026-06-28T17:00:00Z', 'messages': [{'attachme...tic session'}], 'exported_at': '2026-06-28T17:00:03Z', 'format': 'ollama-api-chat-session', 'format_version': '1', ...}
bundle     = b'{"conversations":[{"conversation_id":"conversation-a","created_at":"2026-06-28T17:00:00Z","messages":[{"attachments"...sion","format_version":"1","runtime_version":"0.30.11","source_environment_id":"11111111-1111-4111-8111-111111111111"}'
capture    = <doll.ollama_chat_capture.OllamaChatCaptureService object at 0x7f43557e9cc0>
cases      = [(b'{"conversations":[{"conversation_id":"conversation-a","created_at":"2026-06-28T17:00:00Z","messages":[{"attachment...e_version":"0.30.11","source_environment_id":"11111111-1111-4111-8111-111111111111"}', {}, 'role is unsupported'), ...]
changes    = {}
duplicate_conversation = {'conversations': [{'conversation_id': 'conversation-a', 'created_at': '2026-06-28T17:00:00Z', 'messages': [{'attachme...tic session'}], 'exported_at': '2026-06-28T17:00:03Z', 'format': 'ollama-api-chat-session', 'format_version': '1', ...}
duplicate_message = {'conversations': [{'conversation_id': 'conversation-a', 'created_at': '2026-06-28T17:00:00Z', 'messages': [{'attachme...tic session'}], 'exported_at': '2026-06-28T17:00:03Z', 'format': 'ollama-api-chat-session', 'format_version': '1', ...}
expected   = 'validation failed'
fake       = <tests.test_ollama_chat_capture.FakeTransport object at 0x7f43557513a0>
first      = b'{"conversations":[{"conversation_id":"conversation-a","created_at":"2026-06-28T17:00:00Z","messages":[{"attachments"...sion","format_version":"1","runtime_version":"0.30.11","source_environment_id":"11111111-1111-4111-8111-111111111111"}'
next_capture = <doll.ollama_chat_capture.OllamaChatCaptureService object at 0x7f4355c050c0>
next_fake  = <tests.test_ollama_chat_capture.FakeTransport object at 0x7f4355753290>
non_linear = {'conversations': [{'conversation_id': 'conversation-a', 'created_at': '2026-06-28T17:00:00Z', 'messages': [{'attachme...tic session'}], 'exported_at': '2026-06-28T17:00:03Z', 'format': 'ollama-api-chat-session', 'format_version': '1', ...}
runtime_mismatch = {'conversations': [{'conversation_id': 'conversation-a', 'created_at': '2026-06-28T17:00:00Z', 'messages': [{'attachme...tic session'}], 'exported_at': '2026-06-28T17:00:03Z', 'format': 'ollama-api-chat-session', 'format_version': '1', ...}
tool       = {'conversations': [{'conversation_id': 'conversation-a', 'created_at': '2026-06-28T17:00:00Z', 'messages': [{'attachme...tic session'}], 'exported_at': '2026-06-28T17:00:03Z', 'format': 'ollama-api-chat-session', 'format_version': '1', ...}
unsupported_role = {'conversations': [{'conversation_id': 'conversation-a', 'created_at': '2026-06-28T17:00:00Z', 'messages': [{'attachme...tic session'}], 'exported_at': '2026-06-28T17:00:03Z', 'format': 'ollama-api-chat-session', 'format_version': '1', ...}
wrong_conversation = {'conversations': [{'conversation_id': 'other', 'created_at': '2026-06-28T17:00:00Z', 'messages': [{'attachments': [],...tic session'}], 'exported_at': '2026-06-28T17:00:03Z', 'format': 'ollama-api-chat-session', 'format_version': '1', ...}
wrong_environment = {'conversations': [{'conversation_id': 'conversation-a', 'created_at': '2026-06-28T17:00:00Z', 'messages': [{'attachme...tic session'}], 'exported_at': '2026-06-28T17:00:03Z', 'format': 'ollama-api-chat-session', 'format_version': '1', ...}

tests/test_ollama_chat_capture.py:440: AssertionError
__________ test_bundle_serialization_and_final_validation_are_closed ___________

monkeypatch = <_pytest.monkeypatch.MonkeyPatch object at 0x7f43557cb380>

    def test_bundle_serialization_and_final_validation_are_closed(
        monkeypatch: pytest.MonkeyPatch,
    ) -> None:
        import doll.ollama_chat_capture as module
    
        capture, fake = service()
        ready(fake)
        monkeypatch.setattr(module, "_encode_bundle", lambda document: b"not-json")
        with pytest.raises(OllamaChatCaptureError, match="bundle validation"):
            capture.capture(request(), context())
    
>       with pytest.raises(OllamaChatCaptureError, match="serializable"):
             ^^^^^^^^^^^^^^^^^^^^^^^^^^^^^^^^^^^^^^^^^^^^^^^^^^^^^^^^^^^
E       Failed: DID NOT RAISE <class 'doll.ollama_chat_capture.OllamaChatCaptureError'>

capture    = <doll.ollama_chat_capture.OllamaChatCaptureService object at 0x7f4355de5280>
fake       = <tests.test_ollama_chat_capture.FakeTransport object at 0x7f43557c9640>
module     = <module 'doll.ollama_chat_capture' from '/home/runner/work/doll/doll/src/doll/ollama_chat_capture.py'>
monkeypatch = <_pytest.monkeypatch.MonkeyPatch object at 0x7f43557cb380>

tests/test_ollama_chat_capture.py:583: Failed
=========================== short test summary info ============================
FAILED tests/test_ollama_chat_capture.py::test_existing_bundle_identity_and_history_rejections_precede_chat - AssertionError: Regex pattern did not match.
 Regex: 'validation failed'
 Input: 'existing history contains a duplicate message ID'
FAILED tests/test_ollama_chat_capture.py::test_bundle_serialization_and_final_validation_are_closed - Failed: DID NOT RAISE <class 'doll.ollama_chat_capture.OllamaChatCaptureError'>
========================= 2 failed, 27 passed in 0.55s =========================
exit_code=1
