============================= test session starts ==============================
platform linux -- Python 3.12.13, pytest-8.4.2, pluggy-1.6.0
rootdir: /home/runner/work/doll/doll
configfile: pyproject.toml
plugins: anyio-4.13.0, cov-6.3.0
collected 29 items

tests/test_ollama_adapter.py .................                           [ 58%]
tests/test_ollama_chat_capture.py ...FF.......                           [100%]

=================================== FAILURES ===================================
_____________ test_configuration_and_request_contracts_fail_closed _____________

    def test_configuration_and_request_contracts_fail_closed() -> None:
        with pytest.raises(OllamaChatCaptureError, match="configuration"):
            OllamaChatCaptureService(cast(OllamaAdapterConfig, object()))
        with pytest.raises(OllamaChatCaptureError, match="not confirmed"):
            OllamaChatCaptureService(OllamaAdapterConfig())
        with pytest.raises(OllamaChatCaptureError, match="transport"):
            OllamaChatCaptureService(
                OllamaAdapterConfig(local_only_confirmed=True),
                transport=FakeTransport(OllamaEndpoint(12000)),
            )
        with pytest.raises(OllamaChatCaptureError, match="source adapter"):
            OllamaChatCaptureService(
                OllamaAdapterConfig(local_only_confirmed=True),
                transport=FakeTransport(),
                source_adapter=cast(OllamaSessionSourceAdapter, object()),
            )
    
        base = request()
        invalids: list[tuple[dict[str, object], str]] = [
            ({"model_id": "bad model"}, "model ID"),
            ({"source_environment_id": "bad"}, "environment ID"),
            ({"conversation_id": ""}, "conversation ID"),
            ({"user_message_id": "bad\nid"}, "user message ID"),
            ({"assistant_message_id": "message-1"}, "identifiers must differ"),
            ({"user_text": "   "}, "must not be blank"),
            ({"user_text": "x\x00y"}, "user text"),
            ({"user_created_at": "bad"}, "timestamp"),
            ({"exported_at": T0}, "precedes"),
            ({"conversation_created_at": T2}, "follows"),
            ({"max_output_chars": 0}, "maximum"),
            ({"max_output_chars": True}, "maximum"),
        ]
        for changes, message in invalids:
            with pytest.raises(OllamaChatCaptureError, match=message):
>               replace(base, **cast(Any, changes))
                                     ^^^
E               NameError: name 'Any' is not defined

base       = OllamaChatCaptureRequest(model_id='ollama.model.13a5262d01b5c15ec721bbc444300bfb66034f262746d39d38c9f75607047a5e', sou...026-06-28T17:00:03Z', title='Synthetic session', conversation_created_at='2026-06-28T17:00:00Z', max_output_chars=1024)
changes    = {'model_id': 'bad model'}
invalids   = [({'model_id': 'bad model'}, 'model ID'), ({'source_environment_id': 'bad'}, 'environment ID'), ({'conversation_id': '..., ({'assistant_message_id': 'message-1'}, 'identifiers must differ'), ({'user_text': '   '}, 'must not be blank'), ...]
message    = 'model ID'

tests/test_ollama_chat_capture.py:353: NameError
______ test_existing_bundle_identity_and_history_rejections_precede_chat _______

    def test_existing_bundle_identity_and_history_rejections_precede_chat() -> None:
        capture, fake = service()
        ready(fake)
        first = capture.capture(request(), context()).bundle_bytes
    
        cases: list[tuple[bytes, dict[str, object], str]] = []
        wrong_environment = decoded_bundle(first)
        wrong_environment["source_environment_id"] = str(uuid4())
        cases.append((encode(wrong_environment), {}, "environment identity"))
    
        wrong_conversation = decoded_bundle(first)
        conversations(wrong_conversation)[0]["conversation_id"] = "other"
        cases.append((encode(wrong_conversation), {}, "exactly one selected"))
    
        duplicate_conversation = decoded_bundle(first)
        cast(list[object], duplicate_conversation["conversations"]).append(
            conversations(duplicate_conversation)[0].copy()
        )
        cases.append((encode(duplicate_conversation), {}, "exactly one selected"))
    
        duplicate_message = decoded_bundle(first)
        messages(conversations(duplicate_message)[0])[1]["message_id"] = "message-1"
        cases.append((encode(duplicate_message), {}, "duplicate message ID"))
    
        non_linear = decoded_bundle(first)
        messages(conversations(non_linear)[0])[1]["parent_message_ids"] = []
        cases.append((encode(non_linear), {}, "linear conversation"))
    
        unsupported_role = decoded_bundle(first)
        messages(conversations(unsupported_role)[0])[0]["role"] = "developer"
        cases.append((encode(unsupported_role), {}, "role is unsupported"))
    
        attachment = decoded_bundle(first)
        messages(conversations(attachment)[0])[0]["attachments"] = [
            {
                "attachment_id": "attachment-1",
                "name": "file",
                "media_type": None,
                "size_bytes": 0,
                "sha256": None,
            }
        ]
        cases.append((encode(attachment), {}, "unsupported for text capture"))
    
        tool = decoded_bundle(first)
        messages(conversations(tool)[0])[1]["tool_calls"] = [
            {"tool_call_id": "tool-1", "name": "x", "arguments": {}}
        ]
        cases.append((encode(tool), {}, "unsupported for text capture"))
    
        runtime_mismatch = decoded_bundle(first)
        runtime_mismatch["runtime_version"] = "older"
        cases.append((encode(runtime_mismatch), {}, "runtime version differs"))
    
        for bundle, changes, expected in cases:
            next_capture, next_fake = service()
            next_fake.responses.extend(
                [
                    OllamaHttpResponse(200, tags(model())),
                    OllamaHttpResponse(200, encode({"version": "0.30.11"})),
                ]
            )
            with pytest.raises(OllamaChatCaptureError, match=expected):
                next_capture.capture(
                    request(
                        existing_bundle=bundle,
                        user_message_id="message-3",
                        assistant_message_id="message-4",
                        user_created_at=T3,
                        exported_at=T4,
>                       **cast(Any, changes),
                               ^^^
                    ),
                    context(),
                )
E               NameError: name 'Any' is not defined

attachment = {'conversations': [{'conversation_id': 'conversation-a', 'created_at': '2026-06-28T17:00:00Z', 'messages': [{'attachme...tic session'}], 'exported_at': '2026-06-28T17:00:03Z', 'format': 'ollama-api-chat-session', 'format_version': '1', ...}
bundle     = b'{"conversations":[{"conversation_id":"conversation-a","created_at":"2026-06-28T17:00:00Z","messages":[{"attachments"...sion","format_version":"1","runtime_version":"0.30.11","source_environment_id":"d09d2aa0-05f8-4b3d-9975-544c515c1295"}'
capture    = <doll.ollama_chat_capture.OllamaChatCaptureService object at 0x7efe4994a380>
cases      = [(b'{"conversations":[{"conversation_id":"conversation-a","created_at":"2026-06-28T17:00:00Z","messages":[{"attachment...e_version":"0.30.11","source_environment_id":"11111111-1111-4111-8111-111111111111"}', {}, 'role is unsupported'), ...]
changes    = {}
duplicate_conversation = {'conversations': [{'conversation_id': 'conversation-a', 'created_at': '2026-06-28T17:00:00Z', 'messages': [{'attachme...tic session'}], 'exported_at': '2026-06-28T17:00:03Z', 'format': 'ollama-api-chat-session', 'format_version': '1', ...}
duplicate_message = {'conversations': [{'conversation_id': 'conversation-a', 'created_at': '2026-06-28T17:00:00Z', 'messages': [{'attachme...tic session'}], 'exported_at': '2026-06-28T17:00:03Z', 'format': 'ollama-api-chat-session', 'format_version': '1', ...}
expected   = 'environment identity'
fake       = <tests.test_ollama_chat_capture.FakeTransport object at 0x7efe49980cb0>
first      = b'{"conversations":[{"conversation_id":"conversation-a","created_at":"2026-06-28T17:00:00Z","messages":[{"attachments"...sion","format_version":"1","runtime_version":"0.30.11","source_environment_id":"11111111-1111-4111-8111-111111111111"}'
next_capture = <doll.ollama_chat_capture.OllamaChatCaptureService object at 0x7efe49a08180>
next_fake  = <tests.test_ollama_chat_capture.FakeTransport object at 0x7efe49bdf230>
non_linear = {'conversations': [{'conversation_id': 'conversation-a', 'created_at': '2026-06-28T17:00:00Z', 'messages': [{'attachme...tic session'}], 'exported_at': '2026-06-28T17:00:03Z', 'format': 'ollama-api-chat-session', 'format_version': '1', ...}
runtime_mismatch = {'conversations': [{'conversation_id': 'conversation-a', 'created_at': '2026-06-28T17:00:00Z', 'messages': [{'attachme...tic session'}], 'exported_at': '2026-06-28T17:00:03Z', 'format': 'ollama-api-chat-session', 'format_version': '1', ...}
tool       = {'conversations': [{'conversation_id': 'conversation-a', 'created_at': '2026-06-28T17:00:00Z', 'messages': [{'attachme...tic session'}], 'exported_at': '2026-06-28T17:00:03Z', 'format': 'ollama-api-chat-session', 'format_version': '1', ...}
unsupported_role = {'conversations': [{'conversation_id': 'conversation-a', 'created_at': '2026-06-28T17:00:00Z', 'messages': [{'attachme...tic session'}], 'exported_at': '2026-06-28T17:00:03Z', 'format': 'ollama-api-chat-session', 'format_version': '1', ...}
wrong_conversation = {'conversations': [{'conversation_id': 'other', 'created_at': '2026-06-28T17:00:00Z', 'messages': [{'attachments': [],...tic session'}], 'exported_at': '2026-06-28T17:00:03Z', 'format': 'ollama-api-chat-session', 'format_version': '1', ...}
wrong_environment = {'conversations': [{'conversation_id': 'conversation-a', 'created_at': '2026-06-28T17:00:00Z', 'messages': [{'attachme...tic session'}], 'exported_at': '2026-06-28T17:00:03Z', 'format': 'ollama-api-chat-session', 'format_version': '1', ...}

tests/test_ollama_chat_capture.py:448: NameError
=========================== short test summary info ============================
FAILED tests/test_ollama_chat_capture.py::test_configuration_and_request_contracts_fail_closed - NameError: name 'Any' is not defined
FAILED tests/test_ollama_chat_capture.py::test_existing_bundle_identity_and_history_rejections_precede_chat - NameError: name 'Any' is not defined
========================= 2 failed, 27 passed in 0.64s =========================
exit_code=1
