============================= test session starts ==============================
platform linux -- Python 3.12.13, pytest-8.4.2, pluggy-1.6.0
rootdir: /home/runner/work/doll/doll
configfile: pyproject.toml
plugins: anyio-4.13.0, cov-6.3.0
collected 8 items

tests/test_runtime_continuity_acceptance.py ....                         [ 50%]
tests/test_runtime_continuity_acceptance_static.py ..../home/runner/work/doll/doll/.venv/lib/python3.12/site-packages/coverage/inorout.py:561: CoverageWarning: Module doll was never imported. (module-not-imported); see https://coverage.readthedocs.io/en/7.14.1/messages.html#warning-module-not-imported
  self.warn(f"Module {pkg} was never imported.", slug="module-not-imported")
/home/runner/work/doll/doll/.venv/lib/python3.12/site-packages/coverage/control.py:958: CoverageWarning: No data was collected. (no-data-collected); see https://coverage.readthedocs.io/en/7.14.1/messages.html#warning-no-data-collected
  self._warn("No data was collected.", slug="no-data-collected")

ERROR: Coverage failure: total of 39.62 is less than fail-under=95.00
                                                                         [100%]

================================ tests coverage ================================
_______________ coverage: platform linux, python 3.12.13-final-0 _______________

Name                                     Stmts   Miss Branch BrPart   Cover   Missing
-------------------------------------------------------------------------------------
src/doll/__main__.py                         2      2      0      0   0.00%   3-5
src/doll/_confirmation_types.py            166    166     46      0   0.00%   3-304
src/doll/_confirmation_validation.py       130    130     82      0   0.00%   3-254
src/doll/api.py                             15     15      0      0   0.00%   3-35
src/doll/artifact.py                       207     48     60     25  70.41%   112, 135, 137, 148, 157, 188-197, 222, 241, 247-264, 276-277, 279, 308->310, 310->312, 378-381, 388, 391, 393, 399, 402, 404, 410, 413, 436, 439, 442, 453, 455-465, 486, 493, 495
src/doll/audit.py                          336    107    116     40  61.28%   97, 118, 127, 129, 180-185, 217-218, 220, 234-284, 290, 292, 294, 304, 306, 308, 318-323, 330, 337-340, 348, 360, 369, 380, 384, 391, 394, 396, 400, 409-420, 425-429, 434, 447-448, 450, 467, 471-473, 480, 493, 502, 509, 511, 515, 520, 523-524, 526, 534, 543, 555, 568, 570-577
src/doll/backup.py                         794    382    270     73  46.33%   173, 196-201, 215-255, 261, 287, 289, 297-299, 317, 336, 340-349, 355-397, 401-406, 410-427, 431-475, 479-491, 495-533, 537-554, 604-635, 664-667, 673, 675-684, 712-720, 729, 732, 744-753, 760, 764, 766, 776, 784, 820, 823, 826, 831, 834, 840, 842, 848, 881-882, 890, 893, 896, 900, 905, 909, 911, 919-986, 990-1022, 1030, 1034, 1048, 1050, 1052, 1057, 1064, 1067, 1073, 1075, 1077, 1080, 1081->1061, 1083, 1085, 1090, 1092, 1094, 1097, 1100, 1106, 1109, 1112, 1116, 1122, 1125, 1127, 1129, 1131, 1139, 1143, 1145-1154, 1173-1174, 1180-1181, 1183, 1185, 1189-1190, 1198, 1203-1207, 1217-1218, 1228-1229, 1231->exit, 1247-1248, 1253, 1257-1260, 1264, 1270-1271, 1277, 1285-1286, 1292, 1299, 1306, 1309, 1315, 1318-1319, 1321, 1352
src/doll/backup_cli.py                     101    101      4      0   0.00%   3-184
src/doll/backup_manifest.py                230     60     76     33  66.99%   102, 107, 117, 125, 176, 178, 180, 232-245, 256, 262-279, 287, 289, 291, 293, 295, 299, 318, 331, 339, 342-345, 368, 374, 377-378, 383, 389, 395, 398-399, 401, 411, 417, 426, 432, 434, 438, 440, 448, 455, 462
src/doll/capabilities.py                   706    706    320      0   0.00%   3-1449
src/doll/checkpoint.py                     467    135    166     56  65.40%   161-183, 200, 234-252, 262-276, 279-282, 333, 336, 343-351, 391, 393, 395, 430, 434, 444, 446, 450, 455, 459, 491, 493-494, 505, 509, 511-512, 533-534, 588, 590-591, 613, 615, 619, 626, 628-629, 640-641, 643, 658, 697-704, 720, 727, 731, 750, 762-769, 815-816, 818, 824, 829, 834, 837-839, 848, 856, 862, 867, 869, 877, 879, 883, 885, 892, 901, 907, 912, 920, 927, 934, 940, 943, 945, 951, 954-955, 959, 964, 967-968, 970, 979, 1003-1004
src/doll/cli.py                            136    136     10      0   0.00%   3-337
src/doll/confirmation.py                   128    128     26      0   0.00%   3-366
src/doll/confirmation_preflight.py          96     96     40      0   0.00%   3-248
src/doll/credential_broker.py              234    234    100      0   0.00%   3-542
src/doll/credential_broker_contract.py     273    273     92      0   0.00%   3-452
src/doll/diagnostics.py                    136    136     46      0   0.00%   3-275
src/doll/generic_export.py                 332    332    128      0   0.00%   3-736
src/doll/generic_import.py                 417    417    158      0   0.00%   3-955
src/doll/generic_import_publication.py     506    506    160      0   0.00%   3-1304
src/doll/instruction_origin.py             605    227    238     74  55.52%   388-389, 391, 402, 417-418, 429-442, 480, 484, 499-500, 502-506, 535-547, 550-558, 563-570, 593, 595, 597, 658, 661-662, 667-668, 670-672, 674-676, 681-693, 706-728, 732-744, 752-772, 786, 823-830, 842-886, 939, 944, 949, 952, 977, 993-999, 1004, 1006, 1008, 1010, 1012, 1042, 1044, 1056, 1062, 1064, 1067, 1073, 1075, 1080-1082, 1084, 1090, 1096, 1102, 1108, 1114, 1120, 1123, 1125, 1129, 1133-1134, 1140, 1143, 1145, 1147, 1151-1152, 1158, 1161, 1163, 1165, 1169-1170, 1182, 1184, 1187, 1194-1202, 1208-1210, 1215, 1218-1219, 1222, 1229, 1238, 1243, 1250, 1252, 1259, 1268, 1276-1278, 1284
src/doll/local_conversation.py             264     74     66     22  65.45%   132, 138, 156, 170-171, 202, 222->254, 225-233, 295-319, 326, 349, 413->427, 501-521, 549, 556-562, 569, 574-601, 608, 610, 747, 750, 756, 762, 764, 766, 768, 774, 790-796
src/doll/memory.py                         358    140    124     39  53.73%   190-223, 233-248, 259-279, 282-317, 361, 386-393, 426, 469-476, 494-549, 563, 599, 608, 614, 626, 629, 647, 672-688, 717, 719, 721, 728, 736, 747, 751, 756, 759, 761, 768, 792, 795-796, 798, 808-811, 816, 819, 828, 830, 833-841, 852-860, 869-876, 889, 895-896, 901, 903, 912, 923-925, 934, 944
src/doll/memory_cli.py                      76     76      4      0   0.00%   3-236
src/doll/model_manifest.py                 694    181    196     74  67.53%   336, 389, 434, 442, 450, 456-479, 493, 495, 525, 528, 558, 561, 563, 569, 595-599, 610-614, 625-630, 649-658, 668-680, 690-699, 709-721, 732-737, 749-759, 801, 803, 811, 817, 871-878, 894, 896, 899, 925-944, 959, 965, 970, 975, 1029-1032, 1058, 1068, 1070, 1072, 1074, 1076, 1098, 1125, 1129, 1158-1159, 1169, 1198-1199, 1213, 1215, 1217, 1252-1253, 1260, 1262, 1264, 1281, 1326-1333, 1349, 1356, 1371-1374, 1392, 1429-1430, 1432, 1439-1448, 1469, 1473-1474, 1518, 1524, 1530, 1537, 1541, 1545, 1553, 1560, 1566, 1569-1572, 1574, 1582, 1585, 1587, 1593, 1600, 1605, 1607, 1619, 1625, 1637, 1640-1641, 1643, 1655, 1658, 1664, 1670, 1676, 1682, 1688, 1696
src/doll/model_switch.py                   188     46     40     15  71.49%   114, 122-140, 148-159, 208, 232-246, 279, 285-286, 326-327, 329-333, 369-370, 382-383, 385, 387, 389, 396, 404, 428, 453, 462, 517, 562, 568
src/doll/ollama_adapter.py                 414    169    174     57  52.72%   56-72, 88, 100, 102, 118, 120, 155-157, 168-191, 202-208, 225-255, 272, 278-279, 281, 283, 297, 312, 320-321, 339, 359, 361, 365, 368, 407, 413, 415, 418, 422, 423->434, 426, 437, 447, 449-451, 462, 466, 486-487, 489, 495, 504, 506, 532, 534, 540, 544, 549, 551, 555, 571, 573, 576, 582, 588, 594, 600-602, 609, 615, 622-623, 625, 631, 633, 636, 644, 650-651, 655-665, 674-689, 693-694, 698-705, 709-716, 721, 723, 725, 732, 738
src/doll/paths.py                           20      7      6      1  61.54%   19, 30-35
src/doll/portability.py                    200    200     46      0   0.00%   3-497
src/doll/portability_records.py            284    284     96      0   0.00%   3-641
src/doll/procedure.py                      500    237    182     45  46.33%   115-148, 222-242, 264-302, 313-333, 345-373, 383-401, 412-442, 452-466, 469-472, 523, 525, 527, 529, 531, 533, 573, 575, 581, 589, 640-641, 685, 687, 688->693, 690, 692, 694, 696, 698, 704, 711, 718, 720-721, 726-731, 736-742, 760-777, 792, 832-839, 854-906, 951-952, 954, 959-960, 965, 973-979, 984, 990, 996, 999, 1001, 1007, 1013, 1016-1020, 1026, 1029-1032, 1039, 1046, 1053, 1060, 1067, 1073, 1076-1077, 1088, 1091-1092, 1094, 1099, 1107, 1123-1132
src/doll/project_cli.py                    159    159      8      0   0.00%   3-411
src/doll/project_state.py                  520    179    138     48  61.25%   150-172, 242-272, 297-329, 339-354, 368-374, 377-399, 488-518, 528-543, 557-563, 566-568, 622, 727, 744, 781, 826-833, 852-911, 976, 987, 992-996, 1021-1022, 1066, 1079, 1092, 1101-1102, 1132, 1137, 1139, 1141, 1143, 1145, 1162-1165, 1170-1173, 1180-1181, 1185-1188, 1198-1203, 1211, 1216-1222, 1229, 1231, 1233, 1235, 1239, 1252, 1263-1281, 1286, 1289, 1291, 1298, 1300, 1303, 1309, 1315, 1321, 1324-1325, 1327, 1339, 1344, 1346, 1351, 1358, 1361-1362, 1375, 1381-1382, 1386-1387, 1391, 1405, 1409, 1417, 1425-1427, 1433
src/doll/project_status.py                 274     77     66     17  65.88%   141, 145, 163-173, 217, 220-283, 295, 297-298, 312, 314, 316-317, 332, 334, 336-337, 351, 353-354, 368, 370, 372-373, 381-382, 430, 432, 437, 496-500, 504-513, 520-529
src/doll/prompt_injection.py               191     35     46     18  75.11%   97, 275, 286-296, 329, 332, 342, 345, 382, 396-416, 473, 492-500, 503, 553, 565, 576, 586, 594, 610, 618, 626
src/doll/restore.py                         50      7      0      0  86.00%   39, 49-50, 54-57
src/doll/restore_impl.py                   273    111     78     24  53.56%   97, 109, 111, 121, 123, 125, 130, 132, 148, 154, 157, 167-170, 178, 185, 195-196, 211, 213-214, 227-232, 238, 241, 244-247, 250, 265, 269-270, 276-277, 290-291, 297-318, 322-332, 340-343, 345, 350-360, 390-391, 393, 405-406, 416-427, 432, 439-440
src/doll/restore_validation.py              21      3      2      1  82.61%   26-28, 47->exit
src/doll/resume_bundle.py                  349    273    120      0  16.20%   87-124, 127-253, 259-296, 302-324, 328-420, 435-484, 488-490, 494, 504, 514, 523-536, 542-549, 556-562, 569-614, 618, 622, 626-635, 639-646, 650-653, 657-660, 664-676, 680-685, 689, 693-696, 700-703, 707-711, 715-730, 734
src/doll/runtime_adapter.py                584    164    264    109  64.74%   93, 96-97, 129, 137, 139, 141, 143, 146, 159-165, 179->185, 186, 188, 191-193, 214->220, 225, 228, 231, 265->271, 272, 275, 278-280, 320, 324, 327, 329, 351, 353, 383, 402->408, 410, 427, 437, 445, 447, 468, 470, 487, 489, 494, 497, 500-509, 527->533, 535, 537, 539, 541, 590, 597-599, 601, 607, 613, 628, 630, 637, 640-641, 646, 653, 669, 673-678, 688, 696, 711, 719, 725-726, 738, 746, 769, 777, 784, 788, 796, 798, 801, 810, 819, 834-843, 859, 862, 864, 874, 876, 879, 882, 884, 887, 890, 897-898, 905, 910, 912, 924, 926, 948-966, 979-980, 986, 992, 998, 1004, 1010, 1015, 1017, 1019, 1025, 1027, 1030, 1036, 1038, 1040, 1043, 1056, 1058, 1060, 1062, 1074, 1077, 1079, 1082, 1085, 1088-1097, 1103-1108, 1112
src/doll/safe_logging.py                    94     94     28      0   0.00%   3-171
src/doll/secret_detection.py               107     26     24      8  69.47%   57, 227-241, 243, 270, 279, 290-292, 316-321, 332-342, 346, 351, 353
src/doll/secret_material.py                 71     71     14      0   0.00%   3-114
src/doll/secret_policy.py                  157     97     68      2  27.56%   174-191, 208-210, 222-238, 244-289, 313-318, 320, 332, 346, 350-355, 359-364, 368-378, 382-387
src/doll/secret_store.py                   171    171     72      0   0.00%   3-338
src/doll/secret_store_contract.py          191    191     84      0   0.00%   3-390
src/doll/sensitive_fields.py                29      7      8      2  64.86%   104, 107, 120-124
src/doll/settings.py                       472    279    136     13  33.88%   159-181, 193-213, 223-240, 243-244, 252, 278, 302-318, 328-341, 347, 371-404, 417-448, 458-475, 485-520, 523-524, 532, 540, 543-564, 580, 619-626, 644-689, 739-748, 768-769, 780-798, 806, 812, 818-819, 824, 827, 829, 835, 838, 840, 845-847, 851-860, 864-871, 875-900, 904-912, 916-921, 925-935, 943, 960-964, 978, 991-1001, 1022-1024, 1039-1086, 1105-1131, 1143, 1148-1153
src/doll/settings_cli.py                   207    207     16      0   0.00%   3-401
src/doll/state.py                          186     28     44     18  79.13%   296, 298, 300, 313, 355, 388, 391-392, 403, 406, 408, 410, 425-431, 439, 441, 450, 452, 458, 460, 466, 476-477
src/doll/state_db.py                        55      8     10      3  83.08%   94-96, 108-109, 111, 125, 127
src/doll/state_migrations.py                62     18     20      7  69.51%   30-58, 98, 108-117, 127, 131, 146, 154, 156, 160
src/doll/state_package.py                 1202    354    582    181  65.98%   232-233, 239, 300, 303, 307, 309, 331-340, 346, 358-364, 378, 380, 405, 431-440, 461-462, 469, 472-473, 480, 484, 569-570, 576, 579, 585-595, 606, 613, 617, 621, 634, 641, 644, 651, 653, 655, 658, 661, 663, 668, 670, 672, 675, 678, 680, 686, 688, 691, 695, 700, 703, 705, 707, 709, 722, 727, 735, 737, 749, 752, 763, 770, 773, 784, 789, 794, 796, 805, 807, 813, 818, 821-822, 824, 826, 828, 831, 833, 837, 840, 851-859, 861, 875, 888, 907, 918, 928, 937, 969, 971, 980-981, 990, 995, 1000, 1007, 1010, 1012, 1014, 1037, 1040-1054, 1061-1062, 1068, 1070-1076, 1078-1081, 1083-1094, 1098-1102, 1104-1109, 1114, 1117->1063, 1126, 1129-1131, 1133, 1135, 1143, 1146, 1154, 1161, 1164, 1173, 1177-1179, 1192, 1194-1196, 1202, 1223, 1229, 1231, 1241, 1264, 1274, 1279, 1286, 1288, 1291, 1310, 1312-1323, 1325-1332, 1348-1349, 1351, 1361, 1372, 1375, 1377, 1384, 1391, 1393, 1397, 1401, 1413, 1421, 1425, 1428, 1439, 1443, 1448, 1454, 1457, 1460, 1463, 1467, 1475-1476, 1487-1489, 1499, 1503, 1510->1514, 1512, 1516, 1519, 1527-1570, 1575, 1576->1578, 1700-1707, 1720, 1722, 1724, 1728, 1731-1734, 1742-1745, 1750-1757, 1765-1771, 1779, 1795-1796, 1798, 1800, 1803, 1818-1819, 1824, 1856-1857, 1908-1909, 1915-1916, 1922-1923, 1930-1931, 1933, 1937, 1939, 1945, 1951-1952, 1958, 1966-1967, 1973, 1980, 1987, 1998, 2004, 2007-2008, 2010, 2021, 2025, 2028-2029, 2031, 2041, 2044-2045, 2051, 2062, 2076-2079, 2084, 2088-2089, 2094, 2101-2102
src/doll/state_package_cli.py               57     57      0      0   0.00%   3-88
src/doll/state_package_registry.py          64     11     18      9  75.61%   32, 34, 36, 38, 47, 63, 65, 69, 71, 193-194
src/doll/state_repository.py               219     73     54     21  62.64%   94, 111, 126, 172, 204-206, 234, 248-303, 333-344, 373-374, 417-418, 420, 431-432, 434, 446, 448, 450, 452, 454, 460-461, 463, 479-480, 491-492, 496, 505-506, 508, 530, 532, 546-547, 557, 559, 564, 569, 622-623, 643
src/doll/state_schema.py                    57     15     16      5  72.60%   42, 46-49, 66, 83-85, 101, 109-110, 120-122
src/doll/streaming_conversation.py          89     24     22      8  65.77%   73, 87-88, 119, 148-157, 160->180, 222-246, 259, 265, 282, 308-309, 327
src/doll/trust.py                          706    504    246      0  21.22%   136-149, 259-291, 310-357, 375-417, 432-464, 476-500, 510-528, 531-534, 537-540, 543-546, 549-554, 563-586, 604-671, 686-688, 692, 707, 726-739, 751, 757-769, 784-843, 858-910, 923, 945-983, 987-1002, 1006-1009, 1013-1016, 1020-1023, 1027-1030, 1034-1047, 1068-1090, 1115-1135, 1159-1186, 1205-1216, 1220-1225, 1229-1230, 1234-1244, 1252-1262, 1270-1273, 1281-1288, 1292-1293, 1297-1302, 1306-1313, 1317-1320, 1324-1327, 1331-1333, 1337-1339, 1343-1345, 1349-1351, 1355-1362, 1366-1373, 1377-1387, 1391-1405, 1409-1411, 1415-1429, 1433-1435, 1439-1448, 1452, 1456-1460, 1464-1467, 1471-1476
src/doll/work_item.py                      533    188    202     66  59.18%   152-184, 252-272, 290-325, 344, 351-352, 359, 404-439, 449-464, 467-470, 509-510, 512, 514, 518, 520, 522, 524, 529, 531, 536, 578, 580, 582, 589, 600, 644-645, 685, 687, 691, 693, 695, 697, 699, 701, 703, 710, 712-713, 729, 731-732, 734, 738, 763->758, 770, 772, 775-776, 796, 798-799, 801-807, 812, 814-815, 817-822, 837, 878-885, 902, 910, 914, 934, 946-953, 1000-1001, 1003, 1009, 1014, 1018-1022, 1027, 1033, 1039, 1045, 1051, 1055-1069, 1079, 1082-1090, 1102, 1112, 1117, 1125, 1132, 1139, 1145, 1148, 1150, 1155-1157, 1162, 1165-1166, 1170, 1177, 1180-1181, 1183, 1196, 1212-1221
src/doll/workspace.py                      128     30     32     13  70.62%   104, 109, 113, 116, 134->exit, 136-138, 142-152, 168, 172->175, 175->178, 186-188, 198, 203-204, 208-209, 212, 219, 229, 234
src/doll/workspace_files.py                203     69     80     30  60.78%   69, 70->72, 77-102, 117, 119, 121, 123, 126, 130, 149, 151, 153, 158, 172, 182, 184, 186, 188, 190, 192, 197, 200, 206, 209, 213-214, 219, 222-223, 225, 227, 238, 241-242, 244, 251-252, 262, 456, 460-463, 470-472, 476-482
-------------------------------------------------------------------------------------
TOTAL                                    16499   9281   5570   1157  39.62%

1 file skipped due to complete coverage.
FAIL Required test coverage of 95% not reached. Total coverage: 39.62%
============================== 8 passed in 9.33s ===============================
exit_code=1
