...../home/runner/work/doll/doll/.venv/lib/python3.12/site-packages/coverage/inorout.py:561: CoverageWarning: Module doll was never imported. (module-not-imported); see https://coverage.readthedocs.io/en/7.14.1/messages.html#warning-module-not-imported
  self.warn(f"Module {pkg} was never imported.", slug="module-not-imported")
/home/runner/work/doll/doll/.venv/lib/python3.12/site-packages/coverage/control.py:958: CoverageWarning: No data was collected. (no-data-collected); see https://coverage.readthedocs.io/en/7.14.1/messages.html#warning-no-data-collected
  self._warn("No data was collected.", slug="no-data-collected")

ERROR: Coverage failure: total of 34.96 is less than fail-under=95.00
                                                                         [100%]
================================ tests coverage ================================
_______________ coverage: platform linux, python 3.12.3-final-0 ________________

Name                                     Stmts   Miss Branch BrPart   Cover   Missing
-------------------------------------------------------------------------------------
src/doll/_confirmation_types.py            166    166     46      0   0.00%   3-304
src/doll/_confirmation_validation.py       130    130     82      0   0.00%   3-254
src/doll/api.py                             15     15      0      0   0.00%   3-35
src/doll/artifact.py                       207     51     60     26  68.16%   112, 135, 137, 148, 157, 188-197, 222, 241, 247-264, 276-277, 279, 308->310, 310->312, 378-381, 388, 391, 393, 399, 402, 404, 410, 413, 420-422, 436, 439, 442, 453, 455-465, 486, 493, 495
src/doll/audit.py                          336    189    116     22  38.72%   96-97, 117-188, 193-221, 234-284, 290, 292, 294, 300-312, 316-323, 327-331, 335-340, 348, 353-354, 358-362, 369, 380, 384, 391, 394, 396, 400, 409-420, 425-429, 434, 447-448, 450, 467, 471-473, 480, 493, 502, 509, 511, 515, 519-527, 531-579
src/doll/backup.py                         794    207    270    112  69.27%   173, 196-201, 250-253, 261, 287, 289, 297-299, 317, 336, 344-345, 347, 349, 358-359, 361, 364, 367, 369, 379, 381, 384, 388, 393, 404-406, 411, 418, 422-427, 441, 449, 455, 460, 464, 469-472, 483-484, 490, 502-503, 508-509, 512, 517, 529, 531, 543, 547, 552, 664-667, 673, 675-684, 712-720, 729, 732, 744-753, 760, 764, 766, 784, 820, 823, 826, 831, 834, 840, 842, 848, 881-882, 890, 893, 896, 900, 905, 909, 911, 925-926, 932, 960, 964, 966, 970, 973, 975, 977, 982, 984, 986, 1013, 1016-1019, 1030, 1034, 1048, 1050, 1052, 1057, 1064, 1067, 1073, 1075, 1077, 1080, 1081->1061, 1083, 1085, 1090, 1092, 1094, 1097, 1100, 1106, 1109, 1112, 1116, 1122, 1125, 1127, 1129, 1131, 1139, 1143, 1151, 1154, 1173-1174, 1180-1181, 1183, 1185, 1189-1190, 1198, 1203-1207, 1217-1218, 1228-1229, 1231->exit, 1247-1248, 1253, 1257-1260, 1264, 1270-1271, 1277, 1285-1286, 1292, 1299, 1306, 1309, 1315, 1318-1319, 1321, 1352
src/doll/backup_cli.py                     101     74      4      0  25.71%   35-36, 40-50, 54-62, 73-81, 92-100, 110-114, 124-128, 135-147, 154-162, 175-184
src/doll/backup_manifest.py                230     60     76     33  66.99%   102, 107, 117, 125, 176, 178, 180, 232-245, 256, 262-279, 287, 289, 291, 293, 295, 299, 318, 331, 339, 342-345, 368, 374, 377-378, 383, 389, 395, 398-399, 401, 411, 417, 426, 432, 434, 438, 440, 448, 455, 462
src/doll/capabilities.py                   706    706    320      0   0.00%   3-1449
src/doll/checkpoint.py                     467    135    166     56  65.40%   161-183, 200, 234-252, 262-276, 279-282, 333, 336, 343-351, 391, 393, 395, 430, 434, 444, 446, 450, 455, 459, 491, 493-494, 505, 509, 511-512, 533-534, 588, 590-591, 613, 615, 619, 626, 628-629, 640-641, 643, 658, 697-704, 720, 727, 731, 750, 762-769, 815-816, 818, 824, 829, 834, 837-839, 848, 856, 862, 867, 869, 877, 879, 883, 885, 892, 901, 907, 912, 920, 927, 934, 940, 943, 945, 951, 954-955, 959, 964, 967-968, 970, 979, 1003-1004
src/doll/cli.py                            136     87     10      0  33.56%   78-94, 108-118, 132-144, 178-199, 243-269, 287-299, 319-330, 337
src/doll/confirmation.py                   128    128     26      0   0.00%   3-366
src/doll/confirmation_preflight.py          96     96     40      0   0.00%   3-248
src/doll/credential_broker.py              234    234    100      0   0.00%   3-542
src/doll/credential_broker_contract.py     273    273     92      0   0.00%   3-452
src/doll/diagnostics.py                    136     92     46      0  24.18%   51-57, 63-67, 79-93, 114-145, 158-191, 204-228, 237-243, 247-252, 261-264, 268-272
src/doll/generic_export.py                 332    332    128      0   0.00%   3-736
src/doll/generic_import.py                 417    417    158      0   0.00%   3-955
src/doll/generic_import_publication.py     506    506    160      0   0.00%   3-1304
src/doll/instruction_origin.py             605    442    238      3  19.93%   270-287, 358-382, 385-392, 397-419, 429-442, 445-447, 476-485, 495-507, 530-547, 550-558, 561-570, 592-626, 630-693, 705-744, 752-772, 785-832, 842-886, 898, 919-920, 935-999, 1003-1013, 1023, 1041-1047, 1051, 1055-1057, 1061-1068, 1072-1085, 1089-1091, 1095-1097, 1101-1103, 1107-1109, 1113-1115, 1119-1135, 1139-1153, 1157-1171, 1175-1177, 1181-1188, 1192-1202, 1206-1210, 1214-1223, 1227-1229, 1233, 1237-1238, 1242-1243, 1249-1253, 1257-1260, 1264-1269, 1273-1278, 1282-1285
src/doll/memory.py                         358    269    124      0  18.46%   140-167, 190-223, 233-248, 251, 259-279, 282-317, 347-397, 425-479, 494-549, 561-574, 597-600, 604-690, 716-751, 755-763, 767-769, 775-782, 789-799, 806-811, 815-820, 827-842, 851-860, 867-876, 880, 888-889, 895-896, 900-903, 910-913, 920-925, 932-935, 942-945
src/doll/memory_cli.py                      76     54      4      0  27.50%   25-26, 30, 67-92, 130-155, 163-175, 187-200, 212-222, 230-236
src/doll/paths.py                           20      7      6      1  61.54%   19, 30-35
src/doll/portability.py                    200    200     46      0   0.00%   3-497
src/doll/portability_records.py            284    284     96      0   0.00%   3-641
src/doll/procedure.py                      500    237    182     45  46.33%   115-148, 222-242, 264-302, 313-333, 345-373, 383-401, 412-442, 452-466, 469-472, 523, 525, 527, 529, 531, 533, 573, 575, 581, 589, 640-641, 685, 687, 688->693, 690, 692, 694, 696, 698, 704, 711, 718, 720-721, 726-731, 736-742, 760-777, 792, 832-839, 854-906, 951-952, 954, 959-960, 965, 973-979, 984, 990, 996, 999, 1001, 1007, 1013, 1016-1020, 1026, 1029-1032, 1039, 1046, 1053, 1060, 1067, 1073, 1076-1077, 1088, 1091-1092, 1094, 1099, 1107, 1123-1132
src/doll/project_cli.py                    159    107      8      0  31.14%   38-39, 43, 60-80, 98-118, 126-137, 149-162, 186-187, 203-204, 219-229, 237-243, 263-286, 307-330, 338-349, 361-374, 387-397, 405-411
src/doll/project_state.py                  520    179    138     48  61.25%   150-172, 242-272, 297-329, 339-354, 368-374, 377-399, 488-518, 528-543, 557-563, 566-568, 622, 727, 744, 781, 826-833, 852-911, 976, 987, 992-996, 1021-1022, 1066, 1079, 1092, 1101-1102, 1132, 1137, 1139, 1141, 1143, 1145, 1162-1165, 1170-1173, 1180-1181, 1185-1188, 1198-1203, 1211, 1216-1222, 1229, 1231, 1233, 1235, 1239, 1252, 1263-1281, 1286, 1289, 1291, 1298, 1300, 1303, 1309, 1315, 1321, 1324-1325, 1327, 1339, 1344, 1346, 1351, 1358, 1361-1362, 1375, 1381-1382, 1386-1387, 1391, 1405, 1409, 1417, 1425-1427, 1433
src/doll/project_status.py                 274     69     66     16  68.53%   141, 145, 163-173, 220-283, 295, 312, 314, 316-317, 332, 334, 336-337, 351, 353-354, 368, 370, 372-373, 381-382, 430, 432, 437, 512-513, 520-529
src/doll/prompt_injection.py               191    191     46      0   0.00%   3-631
src/doll/restore.py                         50      5      0      0  90.00%   39, 49-50, 56-57
src/doll/restore_impl.py                   273     84     78     23  63.82%   109, 111, 121, 123, 125, 130, 132, 148, 154, 157, 167-170, 178, 185, 211, 213-214, 227-232, 238, 241, 244-247, 250, 265, 269-270, 276-277, 290-291, 300-301, 316-318, 329-332, 340-343, 345, 350-360, 390-391, 393, 405-406, 416-427, 432, 439-440
src/doll/restore_validation.py              21      3      2      1  82.61%   26-28, 47->exit
src/doll/resume_bundle.py                  349     87    120     47  70.58%   88, 94, 96, 98, 117-124, 264-266, 268-269, 271-272, 281, 305-313, 333, 335, 338-341, 346, 349, 355, 364, 366, 369, 371, 375, 379, 381, 383, 386, 388, 393, 398, 404-405, 407, 415-416, 418, 489, 494, 504, 514, 527-528, 536, 545, 547, 549, 559, 562, 614, 634-635, 645-646, 652, 659, 666-667, 671, 674, 683, 689, 695, 702, 708, 710, 717, 726
src/doll/safe_logging.py                    94     94     28      0   0.00%   3-171
src/doll/secret_detection.py               107     26     24      8  69.47%   73, 227-241, 243, 270, 279, 290-292, 316-321, 332-342, 346, 351, 353
src/doll/secret_material.py                 71     71     14      0   0.00%   3-114
src/doll/secret_policy.py                  157     99     68      0  25.78%   174-191, 208-210, 222-238, 244-289, 312-320, 332, 346, 350-355, 359-364, 368-378, 382-387
src/doll/secret_store.py                   171    171     72      0   0.00%   3-338
src/doll/secret_store_contract.py          191    191     84      0   0.00%   3-390
src/doll/sensitive_fields.py                29      7      8      2  64.86%   104, 107, 120-124
src/doll/settings.py                       472    279    136     13  33.88%   159-181, 193-213, 223-240, 243-244, 252, 278, 302-318, 328-341, 347, 371-404, 417-448, 458-475, 485-520, 523-524, 532, 540, 543-564, 580, 619-626, 644-689, 739-748, 768-769, 780-798, 806, 812, 818-819, 824, 827, 829, 835, 838, 840, 845-847, 851-860, 864-871, 875-900, 904-912, 916-921, 925-935, 943, 960-964, 978, 991-1001, 1022-1024, 1039-1086, 1105-1131, 1143, 1148-1153
src/doll/settings_cli.py                   207    159     16      0  21.52%   27-30, 34-37, 41-42, 54-68, 80-93, 101-110, 119-130, 140-147, 158-171, 183-194, 202-212, 221-230, 243-250, 262-278, 290-301, 309-323, 332-342, 354-364, 374-384, 394-401
src/doll/state.py                          186     78     44      0  46.96%   214-240, 251, 282-357, 364, 387-392, 400-411, 418-431, 438-453, 457-478
src/doll/state_db.py                        54      8     10      3  82.81%   94-96, 108-109, 111, 125, 127
src/doll/state_migrations.py                62     18     20      7  69.51%   30-58, 98, 108-117, 127, 131, 146, 154, 156, 160
src/doll/state_package.py                 1148    351    544    170  64.36%   214-215, 221, 282, 285, 289, 291, 313-322, 328, 340-346, 360, 362, 387, 413-422, 443-444, 451, 462, 466, 551-552, 558, 561, 567-576, 587, 594, 598, 602, 615, 622, 625, 632, 634, 636, 639, 642, 644, 649, 651, 653, 656, 659, 661, 667, 669, 672, 676, 681, 684, 686, 688, 690, 703, 708, 716, 718, 730, 733, 744, 751, 754, 765, 770, 775, 777, 786, 788, 794, 799, 802-803, 805, 807, 809, 812, 814, 818, 821, 832-840, 842, 856, 869, 888, 899, 909, 918, 950, 952, 961-962, 971, 976, 981, 988, 991, 993, 995, 1018, 1021-1033, 1040-1041, 1045-1047, 1049-1055, 1057-1060, 1062-1073, 1075-1088, 1093, 1096->1042, 1105, 1108-1110, 1112, 1114, 1123, 1127-1129, 1142, 1144-1146, 1152, 1168, 1178, 1183, 1190, 1192, 1195, 1214, 1216-1227, 1229-1236, 1252-1253, 1255, 1265, 1276, 1279, 1281, 1288, 1295, 1297, 1301, 1305, 1317, 1325, 1329, 1332, 1343, 1347, 1352, 1358, 1361, 1364, 1367, 1371, 1379-1380, 1391-1393, 1403, 1407, 1414->1418, 1416, 1420, 1423, 1431-1474, 1479, 1480->1482, 1604-1611, 1624, 1626, 1628, 1632, 1635-1638, 1646-1649, 1654-1661, 1669-1675, 1683, 1699-1700, 1702, 1704, 1707, 1722-1723, 1728, 1760-1761, 1812-1813, 1819-1820, 1826-1827, 1834-1835, 1837, 1841, 1843, 1849, 1855-1856, 1862, 1870-1871, 1877, 1884, 1891, 1902, 1908, 1911-1912, 1914, 1925, 1929, 1932-1933, 1935, 1944-1949, 1955, 1966, 1980-1983, 1988, 1992-1993, 1998, 2005-2006
src/doll/state_package_cli.py               57     40      0      0  29.82%   27-28, 36-45, 50-60, 65-71, 79-88
src/doll/state_package_registry.py          64     11     18      9  75.61%   32, 34, 36, 38, 47, 63, 65, 69, 71, 163-164
src/doll/state_repository.py               219    136     54      9  33.70%   94, 110-111, 126, 147-209, 234, 248-303, 314-323, 328, 333-344, 355-365, 370-376, 386-402, 408, 414-420, 428-434, 446, 448, 450, 452, 454, 458-464, 473-480, 491-492, 496, 505-506, 508, 526-547, 553-623, 629, 638-643
src/doll/state_schema.py                    57     15     16      5  72.60%   42, 46-49, 66, 83-85, 101, 109-110, 120-122
src/doll/trust.py                          706    504    246      0  21.22%   136-149, 259-291, 310-357, 375-417, 432-464, 476-500, 510-528, 531-534, 537-540, 543-546, 549-554, 563-586, 604-671, 686-688, 692, 707, 726-739, 751, 757-769, 784-843, 858-910, 923, 945-983, 987-1002, 1006-1009, 1013-1016, 1020-1023, 1027-1030, 1034-1047, 1068-1090, 1115-1135, 1159-1186, 1205-1216, 1220-1225, 1229-1230, 1234-1244, 1252-1262, 1270-1273, 1281-1288, 1292-1293, 1297-1302, 1306-1313, 1317-1320, 1324-1327, 1331-1333, 1337-1339, 1343-1345, 1349-1351, 1355-1362, 1366-1373, 1377-1387, 1391-1405, 1409-1411, 1415-1429, 1433-1435, 1439-1448, 1452, 1456-1460, 1464-1467, 1471-1476
src/doll/work_item.py                      533    188    202     66  59.18%   152-184, 252-272, 290-325, 344, 351-352, 359, 404-439, 449-464, 467-470, 509-510, 512, 514, 518, 520, 522, 524, 529, 531, 536, 578, 580, 582, 589, 600, 644-645, 685, 687, 691, 693, 695, 697, 699, 701, 703, 710, 712-713, 729, 731-732, 734, 738, 763->758, 770, 772, 775-776, 796, 798-799, 801-807, 812, 814-815, 817-822, 837, 878-885, 902, 910, 914, 934, 946-953, 1000-1001, 1003, 1009, 1014, 1018-1022, 1027, 1033, 1039, 1045, 1051, 1055-1069, 1079, 1082-1090, 1102, 1112, 1117, 1125, 1132, 1139, 1145, 1148, 1150, 1155-1157, 1162, 1165-1166, 1170, 1177, 1180-1181, 1183, 1196, 1212-1221
src/doll/workspace.py                      128     30     32     13  70.62%   104, 109, 113, 116, 134->exit, 136-138, 142-152, 168, 172->175, 175->178, 186-188, 198, 203-204, 208-209, 212, 219, 229, 234
src/doll/workspace_files.py                203     69     80     30  60.78%   69, 70->72, 77-102, 117, 119, 121, 123, 126, 130, 149, 151, 153, 158, 172, 182, 184, 186, 188, 190, 192, 197, 200, 206, 209, 213-214, 219, 222-223, 225, 227, 238, 241-242, 244, 251-252, 262, 456, 460-463, 470-472, 476-482
-------------------------------------------------------------------------------------
TOTAL                                    14211   8661   4770    768  34.96%

2 files skipped due to complete coverage.
FAIL Required test coverage of 95% not reached. Total coverage: 34.96%
5 passed in 7.32s

exit_code=1
