..........................................
ERROR: Coverage failure: total of 25.62 is less than fail-under=95.00
                                                                         [100%]
================================ tests coverage ================================
_______________ coverage: platform linux, python 3.12.3-final-0 ________________

Name                                     Stmts   Miss Branch BrPart   Cover   Missing
-------------------------------------------------------------------------------------
src/doll/__main__.py                         2      2      0      0   0.00%   3-5
src/doll/_confirmation_types.py            166    166     46      0   0.00%   3-304
src/doll/_confirmation_validation.py       130    130     82      0   0.00%   3-254
src/doll/api.py                             15     15      0      0   0.00%   3-35
src/doll/artifact.py                       207     51     60     26  68.16%   112, 135, 137, 148, 157, 188-197, 222, 241, 247-264, 276-277, 279, 308->310, 310->312, 378-381, 388, 391, 393, 399, 402, 404, 410, 413, 420-422, 436, 439, 442, 453, 455-465, 486, 493, 495
src/doll/audit.py                          336    124    116     42  57.96%   97, 117-188, 193-221, 236, 240-241, 243-244, 246-249, 251-254, 282-283, 290, 292, 294, 304, 306, 308, 317, 320, 322, 330, 335-340, 348, 353-354, 360, 369, 380, 384, 391, 394, 396, 400, 409-420, 425-429, 434, 447-448, 450, 467, 471-473, 480, 493, 502, 509, 511, 515, 520, 523-524, 526, 534, 543, 555, 568, 570-577
src/doll/backup.py                         794    794    270      0   0.00%   3-1352
src/doll/backup_cli.py                     101    101      4      0   0.00%   3-184
src/doll/backup_manifest.py                230    169     76      0  19.93%   101-248, 253-257, 262-279, 285-347, 367-369, 373-378, 382-384, 388-390, 394-402, 406, 410-412, 416-427, 431-442, 446-449, 453-456, 460-463
src/doll/capabilities.py                   706    706    320      0   0.00%   3-1449
src/doll/cli.py                            136    136     10      0   0.00%   3-337
src/doll/confirmation.py                   128    128     26      0   0.00%   3-366
src/doll/confirmation_preflight.py          96     96     40      0   0.00%   3-248
src/doll/credential_broker.py              234    234    100      0   0.00%   3-542
src/doll/credential_broker_contract.py     273    273     92      0   0.00%   3-452
src/doll/diagnostics.py                    136    136     46      0   0.00%   3-275
src/doll/generic_export.py                 332    332    128      0   0.00%   3-736
src/doll/generic_import.py                 417    417    158      0   0.00%   3-955
src/doll/generic_import_publication.py     506    506    160      0   0.00%   3-1304
src/doll/instruction_origin.py             605    442    238      3  19.93%   270-287, 358-382, 385-392, 397-419, 429-442, 445-447, 476-485, 495-507, 530-547, 550-558, 561-570, 592-626, 630-693, 705-744, 752-772, 785-832, 842-886, 898, 919-920, 935-999, 1003-1013, 1023, 1041-1047, 1051, 1055-1057, 1061-1068, 1072-1085, 1089-1091, 1095-1097, 1101-1103, 1107-1109, 1113-1115, 1119-1135, 1139-1153, 1157-1171, 1175-1177, 1181-1188, 1192-1202, 1206-1210, 1214-1223, 1227-1229, 1233, 1237-1238, 1242-1243, 1249-1253, 1257-1260, 1264-1269, 1273-1278, 1282-1285
src/doll/memory.py                         358    139    124     38  54.15%   190-223, 233-248, 259-279, 282-317, 361, 386-393, 426, 469-476, 494-549, 563, 608, 614, 626, 629, 647, 672-688, 717, 719, 721, 728, 736, 747, 751, 756, 759, 761, 768, 792, 795-796, 798, 808-811, 816, 819, 828, 830, 833-841, 852-860, 869-876, 889, 895-896, 901, 903, 912, 923-925, 934, 944
src/doll/memory_cli.py                      76     76      4      0   0.00%   3-236
src/doll/paths.py                           20      7      6      1  61.54%   19, 30-35
src/doll/portability.py                    200    200     46      0   0.00%   3-497
src/doll/portability_records.py            284    284     96      0   0.00%   3-641
src/doll/project_cli.py                    138    138      8      0   0.00%   3-361
src/doll/project_state.py                  520     49    138     35  86.63%   247, 827->829, 830-833, 853, 867, 888, 901-903, 907->909, 987, 1066, 1092, 1132, 1137, 1139, 1141, 1143, 1145, 1170-1173, 1229, 1231, 1233, 1239, 1279-1280, 1286, 1289, 1291, 1298, 1300, 1303, 1315, 1324-1325, 1327, 1344, 1346, 1358, 1361-1362, 1409, 1417, 1426, 1433
src/doll/prompt_injection.py               191    191     46      0   0.00%   3-631
src/doll/restore.py                         50     50      0      0   0.00%   3-64
src/doll/restore_impl.py                   273    273     78      0   0.00%   3-440
src/doll/restore_validation.py              21     21      2      0   0.00%   3-48
src/doll/safe_logging.py                    94     94     28      0   0.00%   3-171
src/doll/secret_detection.py               107     27     24      8  68.70%   57, 73, 227-241, 243, 270, 279, 290-292, 316-321, 332-342, 346, 351, 353
src/doll/secret_material.py                 71     71     14      0   0.00%   3-114
src/doll/secret_policy.py                  157     97     68      2  27.56%   174-191, 208-210, 222-238, 244-289, 313-318, 320, 332, 346, 350-355, 359-364, 368-378, 382-387
src/doll/secret_store.py                   171    171     72      0   0.00%   3-338
src/doll/secret_store_contract.py          191    191     84      0   0.00%   3-390
src/doll/sensitive_fields.py                29      7      8      2  64.86%   104, 107, 120-124
src/doll/settings.py                       472    151    136     42  62.34%   193-213, 223-240, 252, 278, 302-318, 347, 417-448, 458-475, 485-520, 532, 540, 543-564, 580, 619-626, 645, 655, 668, 680-687, 740, 742-743, 748, 768-769, 780-798, 806, 812, 819, 824, 827, 829, 835, 838, 840, 856-857, 859, 865, 869, 876, 880, 883, 887-889, 892, 894, 896, 900, 905, 908-909, 918, 928, 931-932, 934, 963, 978, 999-1000, 1022-1024, 1045, 1060, 1071, 1074, 1076-1085, 1105-1131, 1143, 1152
src/doll/settings_cli.py                   207    207     16      0   0.00%   3-401
src/doll/state.py                          186     78     44      0  46.96%   214-240, 251, 282-357, 364, 387-392, 400-411, 418-431, 438-453, 457-478
src/doll/state_db.py                        54      8     10      3  82.81%   94-96, 108-109, 111, 125, 127
src/doll/state_migrations.py                62     18     20      7  69.51%   30-58, 98, 108-117, 127, 131, 146, 154, 156, 160
src/doll/state_package.py                 1040    269    460    127  69.73%   272, 275, 281, 303-312, 352, 377, 403-412, 433-434, 452, 456, 541-542, 548, 551, 559-566, 577, 592, 605, 612, 615, 624, 626, 629, 632, 634, 641, 649, 651, 657, 659, 662, 666, 671, 674, 676, 678, 680, 693, 706, 720, 744, 755, 760, 765, 767, 776, 778, 784, 789, 792-793, 795, 797, 799, 802, 804, 808, 811, 830, 832, 846, 859, 878, 889, 899, 908, 940, 942, 951-952, 961, 966, 971, 978, 981, 983, 985, 1008, 1011-1020, 1027-1028, 1034, 1036-1042, 1044-1047, 1049-1060, 1062-1075, 1091->1093, 1095-1097, 1108, 1118, 1130, 1138, 1142, 1145, 1156, 1160, 1165, 1171, 1174, 1177, 1180, 1184, 1192-1193, 1204-1206, 1216, 1220, 1227->1231, 1229, 1233, 1236, 1245, 1251-1252, 1255-1287, 1292, 1293->1295, 1417-1424, 1437, 1439, 1441, 1445, 1448-1451, 1460, 1469-1474, 1482-1488, 1496, 1512-1513, 1515, 1517, 1520, 1535-1536, 1541, 1573-1574, 1625-1626, 1632-1633, 1639-1640, 1647-1648, 1650, 1654, 1656, 1662, 1668-1669, 1675, 1683-1684, 1690, 1697, 1704, 1715, 1721, 1724-1725, 1727, 1738, 1742, 1745-1746, 1748, 1758, 1761-1762, 1768, 1793-1796, 1801, 1805-1806, 1811, 1818-1819
src/doll/state_package_cli.py               57     57      0      0   0.00%   3-88
src/doll/state_package_registry.py          63      1     18      1  97.53%   38
src/doll/state_repository.py               219    116     54     10  42.12%   94, 111, 126, 172, 204-206, 248-303, 314-323, 328, 333-344, 355-365, 370-376, 386-402, 408, 414-420, 428-434, 446, 448, 450, 452, 454, 458-464, 479-480, 491-492, 496, 505-506, 508, 526-547, 553-623, 629, 638-643
src/doll/state_schema.py                    57     15     16      5  72.60%   42, 46-49, 66, 83-85, 101, 109-110, 120-122
src/doll/trust.py                          706    504    246      0  21.22%   136-149, 259-291, 310-357, 375-417, 432-464, 476-500, 510-528, 531-534, 537-540, 543-546, 549-554, 563-586, 604-671, 686-688, 692, 707, 726-739, 751, 757-769, 784-843, 858-910, 923, 945-983, 987-1002, 1006-1009, 1013-1016, 1020-1023, 1027-1030, 1034-1047, 1068-1090, 1115-1135, 1159-1186, 1205-1216, 1220-1225, 1229-1230, 1234-1244, 1252-1262, 1270-1273, 1281-1288, 1292-1293, 1297-1302, 1306-1313, 1317-1320, 1324-1327, 1331-1333, 1337-1339, 1343-1345, 1349-1351, 1355-1362, 1366-1373, 1377-1387, 1391-1405, 1409-1411, 1415-1429, 1433-1435, 1439-1448, 1452, 1456-1460, 1464-1467, 1471-1476
src/doll/workspace.py                      128     30     32     13  70.62%   104, 109, 113, 116, 134->exit, 136-138, 142-152, 168, 172->175, 175->178, 186-188, 198, 203-204, 208-209, 212, 219, 229, 234
src/doll/workspace_files.py                203     69     80     30  60.78%   69, 70->72, 77-102, 117, 119, 121, 123, 126, 130, 149, 151, 153, 158, 172, 182, 184, 186, 188, 190, 192, 197, 200, 206, 209, 213-214, 219, 222-223, 225, 227, 238, 241-242, 244, 251-252, 262, 456, 460-463, 470-472, 476-482
-------------------------------------------------------------------------------------
TOTAL                                    11958   8567   3950    395  25.62%

1 file skipped due to complete coverage.
FAIL Required test coverage of 95% not reached. Total coverage: 25.62%
42 passed in 3.35s
exit_code=1
